mode: set
github.com/Alieksieiev0/auth-service/api/proto/auth_service.pb.go:32.25,34.29 2 0
github.com/Alieksieiev0/auth-service/api/proto/auth_service.pb.go:34.29,38.3 3 0
github.com/Alieksieiev0/auth-service/api/proto/auth_service.pb.go:41.33,43.2 1 0
github.com/Alieksieiev0/auth-service/api/proto/auth_service.pb.go:45.31,45.32 0 0
github.com/Alieksieiev0/auth-service/api/proto/auth_service.pb.go:47.53,49.41 2 0
github.com/Alieksieiev0/auth-service/api/proto/auth_service.pb.go:49.41,51.34 2 0
github.com/Alieksieiev0/auth-service/api/proto/auth_service.pb.go:51.34,53.4 1 0
github.com/Alieksieiev0/auth-service/api/proto/auth_service.pb.go:54.3,54.12 1 0
github.com/Alieksieiev0/auth-service/api/proto/auth_service.pb.go:56.2,56.24 1 0
github.com/Alieksieiev0/auth-service/api/proto/auth_service.pb.go:60.44,62.2 1 0
github.com/Alieksieiev0/auth-service/api/proto/auth_service.pb.go:64.35,65.14 1 0
github.com/Alieksieiev0/auth-service/api/proto/auth_service.pb.go:65.14,67.3 1 0
github.com/Alieksieiev0/auth-service/api/proto/auth_service.pb.go:68.2,68.11 1 0
github.com/Alieksieiev0/auth-service/api/proto/auth_service.pb.go:89.30,91.29 2 0
github.com/Alieksieiev0/auth-service/api/proto/auth_service.pb.go:91.29,95.3 3 0
github.com/Alieksieiev0/auth-service/api/proto/auth_service.pb.go:98.38,100.2 1 0
github.com/Alieksieiev0/auth-service/api/proto/auth_service.pb.go:102.36,102.37 0 0
github.com/Alieksieiev0/auth-service/api/proto/auth_service.pb.go:104.58,106.41 2 0
github.com/Alieksieiev0/auth-service/api/proto/auth_service.pb.go:106.41,108.34 2 0
github.com/Alieksieiev0/auth-service/api/proto/auth_service.pb.go:108.34,110.4 1 0
github.com/Alieksieiev0/auth-service/api/proto/auth_service.pb.go:111.3,111.12 1 0
github.com/Alieksieiev0/auth-service/api/proto/auth_service.pb.go:113.2,113.24 1 0
github.com/Alieksieiev0/auth-service/api/proto/auth_service.pb.go:117.49,119.2 1 0
github.com/Alieksieiev0/auth-service/api/proto/auth_service.pb.go:121.41,122.14 1 0
github.com/Alieksieiev0/auth-service/api/proto/auth_service.pb.go:122.14,124.3 1 0
github.com/Alieksieiev0/auth-service/api/proto/auth_service.pb.go:125.2,125.11 1 0
github.com/Alieksieiev0/auth-service/api/proto/auth_service.pb.go:128.43,129.14 1 0
github.com/Alieksieiev0/auth-service/api/proto/auth_service.pb.go:129.14,131.3 1 0
github.com/Alieksieiev0/auth-service/api/proto/auth_service.pb.go:132.2,132.11 1 0
github.com/Alieksieiev0/auth-service/api/proto/auth_service.pb.go:135.40,136.14 1 0
github.com/Alieksieiev0/auth-service/api/proto/auth_service.pb.go:136.14,138.3 1 0
github.com/Alieksieiev0/auth-service/api/proto/auth_service.pb.go:139.2,139.11 1 0
github.com/Alieksieiev0/auth-service/api/proto/auth_service.pb.go:142.44,143.14 1 0
github.com/Alieksieiev0/auth-service/api/proto/auth_service.pb.go:143.14,145.3 1 0
github.com/Alieksieiev0/auth-service/api/proto/auth_service.pb.go:146.2,146.11 1 0
github.com/Alieksieiev0/auth-service/api/proto/auth_service.pb.go:149.41,150.14 1 0
github.com/Alieksieiev0/auth-service/api/proto/auth_service.pb.go:150.14,152.3 1 0
github.com/Alieksieiev0/auth-service/api/proto/auth_service.pb.go:153.2,153.11 1 0
github.com/Alieksieiev0/auth-service/api/proto/auth_service.pb.go:156.42,157.14 1 0
github.com/Alieksieiev0/auth-service/api/proto/auth_service.pb.go:157.14,159.3 1 0
github.com/Alieksieiev0/auth-service/api/proto/auth_service.pb.go:160.2,160.11 1 0
github.com/Alieksieiev0/auth-service/api/proto/auth_service.pb.go:163.45,164.14 1 0
github.com/Alieksieiev0/auth-service/api/proto/auth_service.pb.go:164.14,166.3 1 0
github.com/Alieksieiev0/auth-service/api/proto/auth_service.pb.go:167.2,167.12 1 0
github.com/Alieksieiev0/auth-service/api/proto/auth_service.pb.go:170.60,171.14 1 0
github.com/Alieksieiev0/auth-service/api/proto/auth_service.pb.go:171.14,173.3 1 0
github.com/Alieksieiev0/auth-service/api/proto/auth_service.pb.go:174.2,174.12 1 0
github.com/Alieksieiev0/auth-service/api/proto/auth_service.pb.go:177.60,178.14 1 0
github.com/Alieksieiev0/auth-service/api/proto/auth_service.pb.go:178.14,180.3 1 0
github.com/Alieksieiev0/auth-service/api/proto/auth_service.pb.go:181.2,181.12 1 0
github.com/Alieksieiev0/auth-service/api/proto/auth_service.pb.go:184.59,185.14 1 0
github.com/Alieksieiev0/auth-service/api/proto/auth_service.pb.go:185.14,187.3 1 0
github.com/Alieksieiev0/auth-service/api/proto/auth_service.pb.go:188.2,188.12 1 0
github.com/Alieksieiev0/auth-service/api/proto/auth_service.pb.go:191.37,192.14 1 0
github.com/Alieksieiev0/auth-service/api/proto/auth_service.pb.go:192.14,194.3 1 0
github.com/Alieksieiev0/auth-service/api/proto/auth_service.pb.go:195.2,195.11 1 0
github.com/Alieksieiev0/auth-service/api/proto/auth_service.pb.go:245.61,246.58 1 0
github.com/Alieksieiev0/auth-service/api/proto/auth_service.pb.go:246.58,248.3 1 0
github.com/Alieksieiev0/auth-service/api/proto/auth_service.pb.go:249.2,249.54 1 0
github.com/Alieksieiev0/auth-service/api/proto/auth_service.pb.go:271.13,271.57 1 0
github.com/Alieksieiev0/auth-service/api/proto/auth_service.pb.go:272.47,273.46 1 0
github.com/Alieksieiev0/auth-service/api/proto/auth_service.pb.go:273.46,275.3 1 0
github.com/Alieksieiev0/auth-service/api/proto/auth_service.pb.go:276.2,276.30 1 0
github.com/Alieksieiev0/auth-service/api/proto/auth_service.pb.go:276.30,277.99 1 0
github.com/Alieksieiev0/auth-service/api/proto/auth_service.pb.go:277.99,278.30 1 0
github.com/Alieksieiev0/auth-service/api/proto/auth_service.pb.go:279.11,280.20 1 0
github.com/Alieksieiev0/auth-service/api/proto/auth_service.pb.go:281.11,282.24 1 0
github.com/Alieksieiev0/auth-service/api/proto/auth_service.pb.go:283.11,284.28 1 0
github.com/Alieksieiev0/auth-service/api/proto/auth_service.pb.go:285.12,286.15 1 0
github.com/Alieksieiev0/auth-service/api/proto/auth_service.pb.go:289.3,289.99 1 0
github.com/Alieksieiev0/auth-service/api/proto/auth_service.pb.go:289.99,290.35 1 0
github.com/Alieksieiev0/auth-service/api/proto/auth_service.pb.go:291.11,292.20 1 0
github.com/Alieksieiev0/auth-service/api/proto/auth_service.pb.go:293.11,294.24 1 0
github.com/Alieksieiev0/auth-service/api/proto/auth_service.pb.go:295.11,296.28 1 0
github.com/Alieksieiev0/auth-service/api/proto/auth_service.pb.go:297.12,298.15 1 0
github.com/Alieksieiev0/auth-service/api/proto/auth_service.pb.go:302.2,319.49 6 0
github.com/Alieksieiev0/auth-service/api/proto/auth_service_grpc.pb.go:32.74,34.2 1 0
github.com/Alieksieiev0/auth-service/api/proto/auth_service_grpc.pb.go:36.118,39.16 3 0
github.com/Alieksieiev0/auth-service/api/proto/auth_service_grpc.pb.go:39.16,41.3 1 0
github.com/Alieksieiev0/auth-service/api/proto/auth_service_grpc.pb.go:42.2,42.17 1 0
github.com/Alieksieiev0/auth-service/api/proto/auth_service_grpc.pb.go:57.96,59.2 1 0
github.com/Alieksieiev0/auth-service/api/proto/auth_service_grpc.pb.go:60.82,60.83 0 0
github.com/Alieksieiev0/auth-service/api/proto/auth_service_grpc.pb.go:69.80,71.2 1 0
github.com/Alieksieiev0/auth-service/api/proto/auth_service_grpc.pb.go:73.167,75.32 2 0
github.com/Alieksieiev0/auth-service/api/proto/auth_service_grpc.pb.go:75.32,77.3 1 0
github.com/Alieksieiev0/auth-service/api/proto/auth_service_grpc.pb.go:78.2,78.24 1 0
github.com/Alieksieiev0/auth-service/api/proto/auth_service_grpc.pb.go:78.24,80.3 1 0
github.com/Alieksieiev0/auth-service/api/proto/auth_service_grpc.pb.go:81.2,85.77 2 0
github.com/Alieksieiev0/auth-service/api/proto/auth_service_grpc.pb.go:85.77,87.3 1 0
github.com/Alieksieiev0/auth-service/api/proto/auth_service_grpc.pb.go:88.2,88.44 1 0
github.com/Alieksieiev0/auth-service/api/proto/user_service.pb.go:31.35,33.29 2 0
github.com/Alieksieiev0/auth-service/api/proto/user_service.pb.go:33.29,37.3 3 0
github.com/Alieksieiev0/auth-service/api/proto/user_service.pb.go:40.43,42.2 1 0
github.com/Alieksieiev0/auth-service/api/proto/user_service.pb.go:44.41,44.42 0 0
github.com/Alieksieiev0/auth-service/api/proto/user_service.pb.go:46.63,48.41 2 0
github.com/Alieksieiev0/auth-service/api/proto/user_service.pb.go:48.41,50.34 2 0
github.com/Alieksieiev0/auth-service/api/proto/user_service.pb.go:50.34,52.4 1 0
github.com/Alieksieiev0/auth-service/api/proto/user_service.pb.go:53.3,53.12 1 0
github.com/Alieksieiev0/auth-service/api/proto/user_service.pb.go:55.2,55.24 1 0
github.com/Alieksieiev0/auth-service/api/proto/user_service.pb.go:59.54,61.2 1 0
github.com/Alieksieiev0/auth-service/api/proto/user_service.pb.go:63.48,64.14 1 0
github.com/Alieksieiev0/auth-service/api/proto/user_service.pb.go:64.14,66.3 1 0
github.com/Alieksieiev0/auth-service/api/proto/user_service.pb.go:67.2,67.11 1 0
github.com/Alieksieiev0/auth-service/api/proto/user_service.pb.go:81.32,83.29 2 0
github.com/Alieksieiev0/auth-service/api/proto/user_service.pb.go:83.29,87.3 3 0
github.com/Alieksieiev0/auth-service/api/proto/user_service.pb.go:90.40,92.2 1 0
github.com/Alieksieiev0/auth-service/api/proto/user_service.pb.go:94.38,94.39 0 0
github.com/Alieksieiev0/auth-service/api/proto/user_service.pb.go:96.60,98.41 2 0
github.com/Alieksieiev0/auth-service/api/proto/user_service.pb.go:98.41,100.34 2 0
github.com/Alieksieiev0/auth-service/api/proto/user_service.pb.go:100.34,102.4 1 0
github.com/Alieksieiev0/auth-service/api/proto/user_service.pb.go:103.3,103.12 1 0
github.com/Alieksieiev0/auth-service/api/proto/user_service.pb.go:105.2,105.24 1 0
github.com/Alieksieiev0/auth-service/api/proto/user_service.pb.go:109.51,111.2 1 0
github.com/Alieksieiev0/auth-service/api/proto/user_service.pb.go:113.39,114.14 1 0
github.com/Alieksieiev0/auth-service/api/proto/user_service.pb.go:114.14,116.3 1 0
github.com/Alieksieiev0/auth-service/api/proto/user_service.pb.go:117.2,117.11 1 0
github.com/Alieksieiev0/auth-service/api/proto/user_service.pb.go:120.45,121.14 1 0
github.com/Alieksieiev0/auth-service/api/proto/user_service.pb.go:121.14,123.3 1 0
github.com/Alieksieiev0/auth-service/api/proto/user_service.pb.go:124.2,124.11 1 0
github.com/Alieksieiev0/auth-service/api/proto/user_service.pb.go:127.45,128.14 1 0
github.com/Alieksieiev0/auth-service/api/proto/user_service.pb.go:128.14,130.3 1 0
github.com/Alieksieiev0/auth-service/api/proto/user_service.pb.go:131.2,131.11 1 0
github.com/Alieksieiev0/auth-service/api/proto/user_service.pb.go:134.42,135.14 1 0
github.com/Alieksieiev0/auth-service/api/proto/user_service.pb.go:135.14,137.3 1 0
github.com/Alieksieiev0/auth-service/api/proto/user_service.pb.go:138.2,138.11 1 0
github.com/Alieksieiev0/auth-service/api/proto/user_service.pb.go:151.31,153.29 2 0
github.com/Alieksieiev0/auth-service/api/proto/user_service.pb.go:153.29,157.3 3 0
github.com/Alieksieiev0/auth-service/api/proto/user_service.pb.go:160.39,162.2 1 0
github.com/Alieksieiev0/auth-service/api/proto/user_service.pb.go:164.37,164.38 0 0
github.com/Alieksieiev0/auth-service/api/proto/user_service.pb.go:166.59,168.41 2 0
github.com/Alieksieiev0/auth-service/api/proto/user_service.pb.go:168.41,170.34 2 0
github.com/Alieksieiev0/auth-service/api/proto/user_service.pb.go:170.34,172.4 1 0
github.com/Alieksieiev0/auth-service/api/proto/user_service.pb.go:173.3,173.12 1 0
github.com/Alieksieiev0/auth-service/api/proto/user_service.pb.go:175.2,175.24 1 0
github.com/Alieksieiev0/auth-service/api/proto/user_service.pb.go:179.50,181.2 1 0
github.com/Alieksieiev0/auth-service/api/proto/user_service.pb.go:183.44,184.14 1 0
github.com/Alieksieiev0/auth-service/api/proto/user_service.pb.go:184.14,186.3 1 0
github.com/Alieksieiev0/auth-service/api/proto/user_service.pb.go:187.2,187.11 1 0
github.com/Alieksieiev0/auth-service/api/proto/user_service.pb.go:190.44,191.14 1 0
github.com/Alieksieiev0/auth-service/api/proto/user_service.pb.go:191.14,193.3 1 0
github.com/Alieksieiev0/auth-service/api/proto/user_service.pb.go:194.2,194.11 1 0
github.com/Alieksieiev0/auth-service/api/proto/user_service.pb.go:197.41,198.14 1 0
github.com/Alieksieiev0/auth-service/api/proto/user_service.pb.go:198.14,200.3 1 0
github.com/Alieksieiev0/auth-service/api/proto/user_service.pb.go:201.2,201.11 1 0
github.com/Alieksieiev0/auth-service/api/proto/user_service.pb.go:210.32,212.29 2 0
github.com/Alieksieiev0/auth-service/api/proto/user_service.pb.go:212.29,216.3 3 0
github.com/Alieksieiev0/auth-service/api/proto/user_service.pb.go:219.40,221.2 1 0
github.com/Alieksieiev0/auth-service/api/proto/user_service.pb.go:223.38,223.39 0 0
github.com/Alieksieiev0/auth-service/api/proto/user_service.pb.go:225.60,227.41 2 0
github.com/Alieksieiev0/auth-service/api/proto/user_service.pb.go:227.41,229.34 2 0
github.com/Alieksieiev0/auth-service/api/proto/user_service.pb.go:229.34,231.4 1 0
github.com/Alieksieiev0/auth-service/api/proto/user_service.pb.go:232.3,232.12 1 0
github.com/Alieksieiev0/auth-service/api/proto/user_service.pb.go:234.2,234.24 1 0
github.com/Alieksieiev0/auth-service/api/proto/user_service.pb.go:238.51,240.2 1 0
github.com/Alieksieiev0/auth-service/api/proto/user_service.pb.go:281.61,282.58 1 0
github.com/Alieksieiev0/auth-service/api/proto/user_service.pb.go:282.58,284.3 1 0
github.com/Alieksieiev0/auth-service/api/proto/user_service.pb.go:285.2,285.54 1 0
github.com/Alieksieiev0/auth-service/api/proto/user_service.pb.go:307.13,307.57 1 0
github.com/Alieksieiev0/auth-service/api/proto/user_service.pb.go:308.47,309.46 1 0
github.com/Alieksieiev0/auth-service/api/proto/user_service.pb.go:309.46,311.3 1 0
github.com/Alieksieiev0/auth-service/api/proto/user_service.pb.go:312.2,312.30 1 0
github.com/Alieksieiev0/auth-service/api/proto/user_service.pb.go:312.30,313.99 1 0
github.com/Alieksieiev0/auth-service/api/proto/user_service.pb.go:313.99,314.40 1 0
github.com/Alieksieiev0/auth-service/api/proto/user_service.pb.go:315.11,316.20 1 0
github.com/Alieksieiev0/auth-service/api/proto/user_service.pb.go:317.11,318.24 1 0
github.com/Alieksieiev0/auth-service/api/proto/user_service.pb.go:319.11,320.28 1 0
github.com/Alieksieiev0/auth-service/api/proto/user_service.pb.go:321.12,322.15 1 0
github.com/Alieksieiev0/auth-service/api/proto/user_service.pb.go:325.3,325.99 1 0
github.com/Alieksieiev0/auth-service/api/proto/user_service.pb.go:325.99,326.37 1 0
github.com/Alieksieiev0/auth-service/api/proto/user_service.pb.go:327.11,328.20 1 0
github.com/Alieksieiev0/auth-service/api/proto/user_service.pb.go:329.11,330.24 1 0
github.com/Alieksieiev0/auth-service/api/proto/user_service.pb.go:331.11,332.28 1 0
github.com/Alieksieiev0/auth-service/api/proto/user_service.pb.go:333.12,334.15 1 0
github.com/Alieksieiev0/auth-service/api/proto/user_service.pb.go:337.3,337.99 1 0
github.com/Alieksieiev0/auth-service/api/proto/user_service.pb.go:337.99,338.36 1 0
github.com/Alieksieiev0/auth-service/api/proto/user_service.pb.go:339.11,340.20 1 0
github.com/Alieksieiev0/auth-service/api/proto/user_service.pb.go:341.11,342.24 1 0
github.com/Alieksieiev0/auth-service/api/proto/user_service.pb.go:343.11,344.28 1 0
github.com/Alieksieiev0/auth-service/api/proto/user_service.pb.go:345.12,346.15 1 0
github.com/Alieksieiev0/auth-service/api/proto/user_service.pb.go:349.3,349.99 1 0
github.com/Alieksieiev0/auth-service/api/proto/user_service.pb.go:349.99,350.37 1 0
github.com/Alieksieiev0/auth-service/api/proto/user_service.pb.go:351.11,352.20 1 0
github.com/Alieksieiev0/auth-service/api/proto/user_service.pb.go:353.11,354.24 1 0
github.com/Alieksieiev0/auth-service/api/proto/user_service.pb.go:355.11,356.28 1 0
github.com/Alieksieiev0/auth-service/api/proto/user_service.pb.go:357.12,358.15 1 0
github.com/Alieksieiev0/auth-service/api/proto/user_service.pb.go:362.2,379.49 6 0
github.com/Alieksieiev0/auth-service/api/proto/user_service_grpc.pb.go:33.74,35.2 1 0
github.com/Alieksieiev0/auth-service/api/proto/user_service_grpc.pb.go:37.133,40.16 3 0
github.com/Alieksieiev0/auth-service/api/proto/user_service_grpc.pb.go:40.16,42.3 1 0
github.com/Alieksieiev0/auth-service/api/proto/user_service_grpc.pb.go:43.2,43.17 1 0
github.com/Alieksieiev0/auth-service/api/proto/user_service_grpc.pb.go:46.120,49.16 3 0
github.com/Alieksieiev0/auth-service/api/proto/user_service_grpc.pb.go:49.16,51.3 1 0
github.com/Alieksieiev0/auth-service/api/proto/user_service_grpc.pb.go:52.2,52.17 1 0
github.com/Alieksieiev0/auth-service/api/proto/user_service_grpc.pb.go:68.111,70.2 1 0
github.com/Alieksieiev0/auth-service/api/proto/user_service_grpc.pb.go:71.98,73.2 1 0
github.com/Alieksieiev0/auth-service/api/proto/user_service_grpc.pb.go:74.82,74.83 0 0
github.com/Alieksieiev0/auth-service/api/proto/user_service_grpc.pb.go:83.80,85.2 1 0
github.com/Alieksieiev0/auth-service/api/proto/user_service_grpc.pb.go:87.170,89.32 2 0
github.com/Alieksieiev0/auth-service/api/proto/user_service_grpc.pb.go:89.32,91.3 1 0
github.com/Alieksieiev0/auth-service/api/proto/user_service_grpc.pb.go:92.2,92.24 1 0
github.com/Alieksieiev0/auth-service/api/proto/user_service_grpc.pb.go:92.24,94.3 1 0
github.com/Alieksieiev0/auth-service/api/proto/user_service_grpc.pb.go:95.2,99.77 2 0
github.com/Alieksieiev0/auth-service/api/proto/user_service_grpc.pb.go:99.77,101.3 1 0
github.com/Alieksieiev0/auth-service/api/proto/user_service_grpc.pb.go:102.2,102.44 1 0
github.com/Alieksieiev0/auth-service/api/proto/user_service_grpc.pb.go:105.161,107.32 2 0
github.com/Alieksieiev0/auth-service/api/proto/user_service_grpc.pb.go:107.32,109.3 1 0
github.com/Alieksieiev0/auth-service/api/proto/user_service_grpc.pb.go:110.2,110.24 1 0
github.com/Alieksieiev0/auth-service/api/proto/user_service_grpc.pb.go:110.24,112.3 1 0
github.com/Alieksieiev0/auth-service/api/proto/user_service_grpc.pb.go:113.2,117.77 2 0
github.com/Alieksieiev0/auth-service/api/proto/user_service_grpc.pb.go:117.77,119.3 1 0
github.com/Alieksieiev0/auth-service/api/proto/user_service_grpc.pb.go:120.2,120.44 1 0
github.com/Alieksieiev0/auth-service/cmd/auth-service/main.go:7.13,9.2 1 0
github.com/Alieksieiev0/auth-service/internal/transport/grpc/client.go:9.59,11.2 1 0
github.com/Alieksieiev0/auth-service/internal/transport/grpc/client.go:13.77,15.16 2 0
github.com/Alieksieiev0/auth-service/internal/transport/grpc/client.go:15.16,17.3 1 0
github.com/Alieksieiev0/auth-service/internal/transport/grpc/client.go:19.2,19.46 1 0
github.com/Alieksieiev0/auth-service/internal/transport/grpc/server.go:20.41,24.2 1 0
github.com/Alieksieiev0/auth-service/internal/transport/grpc/server.go:26.64,29.16 3 0
github.com/Alieksieiev0/auth-service/internal/transport/grpc/server.go:29.16,31.3 1 0
github.com/Alieksieiev0/auth-service/internal/transport/grpc/server.go:33.2,33.27 1 0
github.com/Alieksieiev0/auth-service/internal/transport/grpc/server.go:36.35,37.21 1 0
github.com/Alieksieiev0/auth-service/internal/transport/grpc/server.go:37.21,39.3 1 0
github.com/Alieksieiev0/auth-service/internal/transport/grpc/server.go:41.2,42.12 2 0
github.com/Alieksieiev0/auth-service/internal/transport/grpc/server.go:45.69,49.2 3 0
github.com/Alieksieiev0/auth-service/internal/transport/grpc/server.go:56.84,60.2 1 0
github.com/Alieksieiev0/auth-service/internal/transport/grpc/server.go:65.30,70.16 3 0
github.com/Alieksieiev0/auth-service/internal/transport/grpc/server.go:70.16,72.3 1 0
github.com/Alieksieiev0/auth-service/internal/transport/grpc/server.go:74.2,85.33 2 0
github.com/Alieksieiev0/auth-service/internal/transport/grpc/server.go:85.33,87.3 1 0
github.com/Alieksieiev0/auth-service/internal/transport/grpc/server.go:89.2,89.33 1 0
github.com/Alieksieiev0/auth-service/internal/transport/grpc/server.go:89.33,91.3 1 0
github.com/Alieksieiev0/auth-service/internal/transport/grpc/server.go:93.2,93.32 1 0
github.com/Alieksieiev0/auth-service/internal/transport/grpc/server.go:93.32,95.3 1 0
github.com/Alieksieiev0/auth-service/internal/transport/grpc/server.go:97.2,97.20 1 0
github.com/Alieksieiev0/auth-service/internal/app/app.go:14.12,29.16 3 0
github.com/Alieksieiev0/auth-service/internal/app/app.go:29.16,31.3 1 0
github.com/Alieksieiev0/auth-service/internal/app/app.go:33.2,36.20 3 0
github.com/Alieksieiev0/auth-service/internal/app/app.go:36.20,38.3 1 0
github.com/Alieksieiev0/auth-service/internal/app/app.go:40.2,41.20 2 0
github.com/Alieksieiev0/auth-service/internal/app/app.go:41.20,43.3 1 0
github.com/Alieksieiev0/auth-service/internal/app/app.go:45.2,45.33 1 0
github.com/Alieksieiev0/auth-service/internal/app/app.go:45.33,47.3 1 0
github.com/Alieksieiev0/auth-service/internal/services/auth.go:26.92,31.2 1 0
github.com/Alieksieiev0/auth-service/internal/services/auth.go:33.78,43.2 4 0
github.com/Alieksieiev0/auth-service/internal/services/auth.go:45.95,51.16 3 0
github.com/Alieksieiev0/auth-service/internal/services/auth.go:51.16,53.3 1 0
github.com/Alieksieiev0/auth-service/internal/services/auth.go:55.2,56.16 2 0
github.com/Alieksieiev0/auth-service/internal/services/auth.go:56.16,58.3 1 0
github.com/Alieksieiev0/auth-service/internal/services/auth.go:60.2,66.16 3 0
github.com/Alieksieiev0/auth-service/internal/services/auth.go:66.16,68.3 1 0
github.com/Alieksieiev0/auth-service/internal/services/auth.go:70.2,77.23 2 0
github.com/Alieksieiev0/auth-service/internal/services/auth.go:83.30,86.16 3 0
github.com/Alieksieiev0/auth-service/internal/services/auth.go:86.16,88.3 1 0
github.com/Alieksieiev0/auth-service/internal/services/auth.go:90.2,91.9 2 0
github.com/Alieksieiev0/auth-service/internal/services/auth.go:91.9,93.3 1 0
github.com/Alieksieiev0/auth-service/internal/services/auth.go:95.2,95.24 1 0
github.com/Alieksieiev0/auth-service/internal/services/token.go:18.37,20.2 1 0
github.com/Alieksieiev0/auth-service/internal/services/token.go:24.92,41.16 3 0
github.com/Alieksieiev0/auth-service/internal/services/token.go:41.16,43.3 1 0
github.com/Alieksieiev0/auth-service/internal/services/token.go:44.2,44.25 1 0
github.com/Alieksieiev0/auth-service/internal/services/token.go:48.62,52.47 1 0
github.com/Alieksieiev0/auth-service/internal/services/token.go:52.47,54.11 2 0
github.com/Alieksieiev0/auth-service/internal/services/token.go:54.11,56.5 1 0
github.com/Alieksieiev0/auth-service/internal/services/token.go:57.4,57.30 1 0
github.com/Alieksieiev0/auth-service/internal/services/token.go:62.2,62.38 1 0
github.com/Alieksieiev0/auth-service/internal/services/token.go:62.38,64.3 1 0
github.com/Alieksieiev0/auth-service/internal/services/token.go:66.2,66.32 1 0
github.com/Alieksieiev0/auth-service/tests/data/data.go:9.25,15.2 1 0
github.com/Alieksieiev0/auth-service/tests/data/data.go:17.31,23.2 4 0
github.com/Alieksieiev0/auth-service/tests/data/data.go:25.37,32.2 1 0
github.com/Alieksieiev0/auth-service/tests/data/data.go:34.60,40.2 1 0
github.com/Alieksieiev0/auth-service/tests/data/data.go:42.71,47.16 2 0
github.com/Alieksieiev0/auth-service/tests/data/data.go:47.16,49.3 1 0
github.com/Alieksieiev0/auth-service/tests/data/data.go:51.2,57.23 2 0
github.com/Alieksieiev0/auth-service/tests/data/data.go:60.68,64.2 1 0
github.com/Alieksieiev0/auth-service/tests/data/data.go:66.27,70.2 1 0
github.com/Alieksieiev0/auth-service/tests/data/data.go:72.32,76.2 1 0
github.com/Alieksieiev0/auth-service/tests/data/data.go:78.35,83.2 1 0
github.com/Alieksieiev0/auth-service/internal/transport/rest/handler.go:13.56,14.34 1 0
github.com/Alieksieiev0/auth-service/internal/transport/rest/handler.go:14.34,16.44 2 0
github.com/Alieksieiev0/auth-service/internal/transport/rest/handler.go:16.44,18.4 1 0
github.com/Alieksieiev0/auth-service/internal/transport/rest/handler.go:20.3,20.49 1 0
github.com/Alieksieiev0/auth-service/internal/transport/rest/handler.go:20.49,23.4 1 0
github.com/Alieksieiev0/auth-service/internal/transport/rest/handler.go:25.3,26.17 2 0
github.com/Alieksieiev0/auth-service/internal/transport/rest/handler.go:26.17,28.4 1 0
github.com/Alieksieiev0/auth-service/internal/transport/rest/handler.go:30.3,30.49 1 0
github.com/Alieksieiev0/auth-service/internal/transport/rest/handler.go:34.59,35.34 1 0
github.com/Alieksieiev0/auth-service/internal/transport/rest/handler.go:35.34,38.44 3 0
github.com/Alieksieiev0/auth-service/internal/transport/rest/handler.go:38.44,40.4 1 0
github.com/Alieksieiev0/auth-service/internal/transport/rest/handler.go:41.3,41.69 1 0
github.com/Alieksieiev0/auth-service/internal/transport/rest/handler.go:41.69,44.4 1 0
github.com/Alieksieiev0/auth-service/internal/transport/rest/handler.go:46.3,50.17 2 0
github.com/Alieksieiev0/auth-service/internal/transport/rest/handler.go:50.17,53.4 1 0
github.com/Alieksieiev0/auth-service/internal/transport/rest/handler.go:55.3,56.61 2 0
github.com/Alieksieiev0/auth-service/internal/transport/rest/handler.go:56.61,58.4 1 0
github.com/Alieksieiev0/auth-service/internal/transport/rest/handler.go:60.3,61.13 2 0
github.com/Alieksieiev0/auth-service/internal/transport/rest/server.go:15.57,20.2 1 0
github.com/Alieksieiev0/auth-service/internal/transport/rest/server.go:22.65,32.2 5 0
github.com/Alieksieiev0/auth-service/tests/utils/utils.go:13.64,17.16 4 0
github.com/Alieksieiev0/auth-service/tests/utils/utils.go:17.16,19.3 1 0
github.com/Alieksieiev0/auth-service/tests/utils/utils.go:21.2,24.12 2 0
github.com/Alieksieiev0/auth-service/tests/utils/utils.go:27.49,30.2 2 0
github.com/Alieksieiev0/auth-service/tests/utils/utils.go:32.46,37.2 3 0
github.com/Alieksieiev0/auth-service/tests/utils/utils.go:39.44,43.2 3 0
github.com/Alieksieiev0/auth-service/tests/mocks/token_service.go:28.69,32.2 3 0
github.com/Alieksieiev0/auth-service/tests/mocks/token_service.go:35.67,37.2 1 0
github.com/Alieksieiev0/auth-service/tests/mocks/token_service.go:40.97,46.2 5 0
github.com/Alieksieiev0/auth-service/tests/mocks/token_service.go:49.93,52.2 2 0
github.com/Alieksieiev0/auth-service/tests/mocks/token_service.go:55.67,61.2 5 0
github.com/Alieksieiev0/auth-service/tests/mocks/token_service.go:64.78,67.2 2 0
github.com/Alieksieiev0/auth-service/tests/mocks/user_proto.go:28.79,32.2 3 0
github.com/Alieksieiev0/auth-service/tests/mocks/user_proto.go:35.77,37.2 1 0
github.com/Alieksieiev0/auth-service/tests/mocks/user_proto.go:40.149,43.25 3 0
github.com/Alieksieiev0/auth-service/tests/mocks/user_proto.go:43.25,45.3 1 0
github.com/Alieksieiev0/auth-service/tests/mocks/user_proto.go:46.2,49.19 4 0
github.com/Alieksieiev0/auth-service/tests/mocks/user_proto.go:53.115,57.2 3 0
github.com/Alieksieiev0/auth-service/tests/mocks/user_proto.go:60.136,63.25 3 0
github.com/Alieksieiev0/auth-service/tests/mocks/user_proto.go:63.25,65.3 1 0
github.com/Alieksieiev0/auth-service/tests/mocks/user_proto.go:66.2,69.19 4 0
github.com/Alieksieiev0/auth-service/tests/mocks/user_proto.go:73.106,77.2 3 0
github.com/Alieksieiev0/auth-service/tests/mocks/user_proto.go:91.79,95.2 3 0
github.com/Alieksieiev0/auth-service/tests/mocks/user_proto.go:98.77,100.2 1 0
github.com/Alieksieiev0/auth-service/tests/mocks/user_proto.go:103.127,109.2 5 0
github.com/Alieksieiev0/auth-service/tests/mocks/user_proto.go:112.97,115.2 2 0
github.com/Alieksieiev0/auth-service/tests/mocks/user_proto.go:118.114,124.2 5 0
github.com/Alieksieiev0/auth-service/tests/mocks/user_proto.go:127.88,130.2 2 0
github.com/Alieksieiev0/auth-service/tests/mocks/user_proto.go:133.75,136.2 2 0
github.com/Alieksieiev0/auth-service/tests/mocks/user_proto.go:139.101,142.2 2 0
github.com/Alieksieiev0/auth-service/tests/mocks/user_proto.go:156.91,160.2 3 0
github.com/Alieksieiev0/auth-service/tests/mocks/user_proto.go:163.89,165.2 1 0
github.com/Alieksieiev0/auth-service/tests/mocks/user_proto.go:168.81,171.2 2 0
github.com/Alieksieiev0/auth-service/tests/mocks/user_proto.go:174.107,177.2 2 0
github.com/Alieksieiev0/auth-service/api/proto/auth_service.pb.go:32.25,34.29 2 0
github.com/Alieksieiev0/auth-service/api/proto/auth_service.pb.go:34.29,38.3 3 0
github.com/Alieksieiev0/auth-service/api/proto/auth_service.pb.go:41.33,43.2 1 0
github.com/Alieksieiev0/auth-service/api/proto/auth_service.pb.go:45.31,45.32 0 0
github.com/Alieksieiev0/auth-service/api/proto/auth_service.pb.go:47.53,49.41 2 0
github.com/Alieksieiev0/auth-service/api/proto/auth_service.pb.go:49.41,51.34 2 0
github.com/Alieksieiev0/auth-service/api/proto/auth_service.pb.go:51.34,53.4 1 0
github.com/Alieksieiev0/auth-service/api/proto/auth_service.pb.go:54.3,54.12 1 0
github.com/Alieksieiev0/auth-service/api/proto/auth_service.pb.go:56.2,56.24 1 0
github.com/Alieksieiev0/auth-service/api/proto/auth_service.pb.go:60.44,62.2 1 0
github.com/Alieksieiev0/auth-service/api/proto/auth_service.pb.go:64.35,65.14 1 0
github.com/Alieksieiev0/auth-service/api/proto/auth_service.pb.go:65.14,67.3 1 0
github.com/Alieksieiev0/auth-service/api/proto/auth_service.pb.go:68.2,68.11 1 0
github.com/Alieksieiev0/auth-service/api/proto/auth_service.pb.go:89.30,91.29 2 0
github.com/Alieksieiev0/auth-service/api/proto/auth_service.pb.go:91.29,95.3 3 0
github.com/Alieksieiev0/auth-service/api/proto/auth_service.pb.go:98.38,100.2 1 0
github.com/Alieksieiev0/auth-service/api/proto/auth_service.pb.go:102.36,102.37 0 0
github.com/Alieksieiev0/auth-service/api/proto/auth_service.pb.go:104.58,106.41 2 0
github.com/Alieksieiev0/auth-service/api/proto/auth_service.pb.go:106.41,108.34 2 0
github.com/Alieksieiev0/auth-service/api/proto/auth_service.pb.go:108.34,110.4 1 0
github.com/Alieksieiev0/auth-service/api/proto/auth_service.pb.go:111.3,111.12 1 0
github.com/Alieksieiev0/auth-service/api/proto/auth_service.pb.go:113.2,113.24 1 0
github.com/Alieksieiev0/auth-service/api/proto/auth_service.pb.go:117.49,119.2 1 0
github.com/Alieksieiev0/auth-service/api/proto/auth_service.pb.go:121.41,122.14 1 0
github.com/Alieksieiev0/auth-service/api/proto/auth_service.pb.go:122.14,124.3 1 0
github.com/Alieksieiev0/auth-service/api/proto/auth_service.pb.go:125.2,125.11 1 0
github.com/Alieksieiev0/auth-service/api/proto/auth_service.pb.go:128.43,129.14 1 0
github.com/Alieksieiev0/auth-service/api/proto/auth_service.pb.go:129.14,131.3 1 0
github.com/Alieksieiev0/auth-service/api/proto/auth_service.pb.go:132.2,132.11 1 0
github.com/Alieksieiev0/auth-service/api/proto/auth_service.pb.go:135.40,136.14 1 0
github.com/Alieksieiev0/auth-service/api/proto/auth_service.pb.go:136.14,138.3 1 0
github.com/Alieksieiev0/auth-service/api/proto/auth_service.pb.go:139.2,139.11 1 0
github.com/Alieksieiev0/auth-service/api/proto/auth_service.pb.go:142.44,143.14 1 0
github.com/Alieksieiev0/auth-service/api/proto/auth_service.pb.go:143.14,145.3 1 0
github.com/Alieksieiev0/auth-service/api/proto/auth_service.pb.go:146.2,146.11 1 0
github.com/Alieksieiev0/auth-service/api/proto/auth_service.pb.go:149.41,150.14 1 0
github.com/Alieksieiev0/auth-service/api/proto/auth_service.pb.go:150.14,152.3 1 0
github.com/Alieksieiev0/auth-service/api/proto/auth_service.pb.go:153.2,153.11 1 0
github.com/Alieksieiev0/auth-service/api/proto/auth_service.pb.go:156.42,157.14 1 0
github.com/Alieksieiev0/auth-service/api/proto/auth_service.pb.go:157.14,159.3 1 0
github.com/Alieksieiev0/auth-service/api/proto/auth_service.pb.go:160.2,160.11 1 0
github.com/Alieksieiev0/auth-service/api/proto/auth_service.pb.go:163.45,164.14 1 0
github.com/Alieksieiev0/auth-service/api/proto/auth_service.pb.go:164.14,166.3 1 0
github.com/Alieksieiev0/auth-service/api/proto/auth_service.pb.go:167.2,167.12 1 0
github.com/Alieksieiev0/auth-service/api/proto/auth_service.pb.go:170.60,171.14 1 0
github.com/Alieksieiev0/auth-service/api/proto/auth_service.pb.go:171.14,173.3 1 0
github.com/Alieksieiev0/auth-service/api/proto/auth_service.pb.go:174.2,174.12 1 0
github.com/Alieksieiev0/auth-service/api/proto/auth_service.pb.go:177.60,178.14 1 0
github.com/Alieksieiev0/auth-service/api/proto/auth_service.pb.go:178.14,180.3 1 0
github.com/Alieksieiev0/auth-service/api/proto/auth_service.pb.go:181.2,181.12 1 0
github.com/Alieksieiev0/auth-service/api/proto/auth_service.pb.go:184.59,185.14 1 0
github.com/Alieksieiev0/auth-service/api/proto/auth_service.pb.go:185.14,187.3 1 0
github.com/Alieksieiev0/auth-service/api/proto/auth_service.pb.go:188.2,188.12 1 0
github.com/Alieksieiev0/auth-service/api/proto/auth_service.pb.go:191.37,192.14 1 0
github.com/Alieksieiev0/auth-service/api/proto/auth_service.pb.go:192.14,194.3 1 0
github.com/Alieksieiev0/auth-service/api/proto/auth_service.pb.go:195.2,195.11 1 0
github.com/Alieksieiev0/auth-service/api/proto/auth_service.pb.go:245.61,246.58 1 0
github.com/Alieksieiev0/auth-service/api/proto/auth_service.pb.go:246.58,248.3 1 0
github.com/Alieksieiev0/auth-service/api/proto/auth_service.pb.go:249.2,249.54 1 0
github.com/Alieksieiev0/auth-service/api/proto/auth_service.pb.go:271.13,271.57 1 1
github.com/Alieksieiev0/auth-service/api/proto/auth_service.pb.go:272.47,273.46 1 1
github.com/Alieksieiev0/auth-service/api/proto/auth_service.pb.go:273.46,275.3 1 0
github.com/Alieksieiev0/auth-service/api/proto/auth_service.pb.go:276.2,276.30 1 1
github.com/Alieksieiev0/auth-service/api/proto/auth_service.pb.go:276.30,277.99 1 0
github.com/Alieksieiev0/auth-service/api/proto/auth_service.pb.go:277.99,278.30 1 0
github.com/Alieksieiev0/auth-service/api/proto/auth_service.pb.go:279.11,280.20 1 0
github.com/Alieksieiev0/auth-service/api/proto/auth_service.pb.go:281.11,282.24 1 0
github.com/Alieksieiev0/auth-service/api/proto/auth_service.pb.go:283.11,284.28 1 0
github.com/Alieksieiev0/auth-service/api/proto/auth_service.pb.go:285.12,286.15 1 0
github.com/Alieksieiev0/auth-service/api/proto/auth_service.pb.go:289.3,289.99 1 0
github.com/Alieksieiev0/auth-service/api/proto/auth_service.pb.go:289.99,290.35 1 0
github.com/Alieksieiev0/auth-service/api/proto/auth_service.pb.go:291.11,292.20 1 0
github.com/Alieksieiev0/auth-service/api/proto/auth_service.pb.go:293.11,294.24 1 0
github.com/Alieksieiev0/auth-service/api/proto/auth_service.pb.go:295.11,296.28 1 0
github.com/Alieksieiev0/auth-service/api/proto/auth_service.pb.go:297.12,298.15 1 0
github.com/Alieksieiev0/auth-service/api/proto/auth_service.pb.go:302.2,319.49 6 1
github.com/Alieksieiev0/auth-service/api/proto/auth_service_grpc.pb.go:32.74,34.2 1 0
github.com/Alieksieiev0/auth-service/api/proto/auth_service_grpc.pb.go:36.118,39.16 3 0
github.com/Alieksieiev0/auth-service/api/proto/auth_service_grpc.pb.go:39.16,41.3 1 0
github.com/Alieksieiev0/auth-service/api/proto/auth_service_grpc.pb.go:42.2,42.17 1 0
github.com/Alieksieiev0/auth-service/api/proto/auth_service_grpc.pb.go:57.96,59.2 1 0
github.com/Alieksieiev0/auth-service/api/proto/auth_service_grpc.pb.go:60.82,60.83 0 0
github.com/Alieksieiev0/auth-service/api/proto/auth_service_grpc.pb.go:69.80,71.2 1 0
github.com/Alieksieiev0/auth-service/api/proto/auth_service_grpc.pb.go:73.167,75.32 2 0
github.com/Alieksieiev0/auth-service/api/proto/auth_service_grpc.pb.go:75.32,77.3 1 0
github.com/Alieksieiev0/auth-service/api/proto/auth_service_grpc.pb.go:78.2,78.24 1 0
github.com/Alieksieiev0/auth-service/api/proto/auth_service_grpc.pb.go:78.24,80.3 1 0
github.com/Alieksieiev0/auth-service/api/proto/auth_service_grpc.pb.go:81.2,85.77 2 0
github.com/Alieksieiev0/auth-service/api/proto/auth_service_grpc.pb.go:85.77,87.3 1 0
github.com/Alieksieiev0/auth-service/api/proto/auth_service_grpc.pb.go:88.2,88.44 1 0
github.com/Alieksieiev0/auth-service/api/proto/user_service.pb.go:31.35,33.29 2 0
github.com/Alieksieiev0/auth-service/api/proto/user_service.pb.go:33.29,37.3 3 0
github.com/Alieksieiev0/auth-service/api/proto/user_service.pb.go:40.43,42.2 1 0
github.com/Alieksieiev0/auth-service/api/proto/user_service.pb.go:44.41,44.42 0 0
github.com/Alieksieiev0/auth-service/api/proto/user_service.pb.go:46.63,48.41 2 0
github.com/Alieksieiev0/auth-service/api/proto/user_service.pb.go:48.41,50.34 2 0
github.com/Alieksieiev0/auth-service/api/proto/user_service.pb.go:50.34,52.4 1 0
github.com/Alieksieiev0/auth-service/api/proto/user_service.pb.go:53.3,53.12 1 0
github.com/Alieksieiev0/auth-service/api/proto/user_service.pb.go:55.2,55.24 1 0
github.com/Alieksieiev0/auth-service/api/proto/user_service.pb.go:59.54,61.2 1 0
github.com/Alieksieiev0/auth-service/api/proto/user_service.pb.go:63.48,64.14 1 0
github.com/Alieksieiev0/auth-service/api/proto/user_service.pb.go:64.14,66.3 1 0
github.com/Alieksieiev0/auth-service/api/proto/user_service.pb.go:67.2,67.11 1 0
github.com/Alieksieiev0/auth-service/api/proto/user_service.pb.go:81.32,83.29 2 0
github.com/Alieksieiev0/auth-service/api/proto/user_service.pb.go:83.29,87.3 3 0
github.com/Alieksieiev0/auth-service/api/proto/user_service.pb.go:90.40,92.2 1 0
github.com/Alieksieiev0/auth-service/api/proto/user_service.pb.go:94.38,94.39 0 0
github.com/Alieksieiev0/auth-service/api/proto/user_service.pb.go:96.60,98.41 2 0
github.com/Alieksieiev0/auth-service/api/proto/user_service.pb.go:98.41,100.34 2 0
github.com/Alieksieiev0/auth-service/api/proto/user_service.pb.go:100.34,102.4 1 0
github.com/Alieksieiev0/auth-service/api/proto/user_service.pb.go:103.3,103.12 1 0
github.com/Alieksieiev0/auth-service/api/proto/user_service.pb.go:105.2,105.24 1 0
github.com/Alieksieiev0/auth-service/api/proto/user_service.pb.go:109.51,111.2 1 0
github.com/Alieksieiev0/auth-service/api/proto/user_service.pb.go:113.39,114.14 1 0
github.com/Alieksieiev0/auth-service/api/proto/user_service.pb.go:114.14,116.3 1 0
github.com/Alieksieiev0/auth-service/api/proto/user_service.pb.go:117.2,117.11 1 0
github.com/Alieksieiev0/auth-service/api/proto/user_service.pb.go:120.45,121.14 1 0
github.com/Alieksieiev0/auth-service/api/proto/user_service.pb.go:121.14,123.3 1 0
github.com/Alieksieiev0/auth-service/api/proto/user_service.pb.go:124.2,124.11 1 0
github.com/Alieksieiev0/auth-service/api/proto/user_service.pb.go:127.45,128.14 1 0
github.com/Alieksieiev0/auth-service/api/proto/user_service.pb.go:128.14,130.3 1 0
github.com/Alieksieiev0/auth-service/api/proto/user_service.pb.go:131.2,131.11 1 0
github.com/Alieksieiev0/auth-service/api/proto/user_service.pb.go:134.42,135.14 1 0
github.com/Alieksieiev0/auth-service/api/proto/user_service.pb.go:135.14,137.3 1 0
github.com/Alieksieiev0/auth-service/api/proto/user_service.pb.go:138.2,138.11 1 0
github.com/Alieksieiev0/auth-service/api/proto/user_service.pb.go:151.31,153.29 2 0
github.com/Alieksieiev0/auth-service/api/proto/user_service.pb.go:153.29,157.3 3 0
github.com/Alieksieiev0/auth-service/api/proto/user_service.pb.go:160.39,162.2 1 0
github.com/Alieksieiev0/auth-service/api/proto/user_service.pb.go:164.37,164.38 0 0
github.com/Alieksieiev0/auth-service/api/proto/user_service.pb.go:166.59,168.41 2 0
github.com/Alieksieiev0/auth-service/api/proto/user_service.pb.go:168.41,170.34 2 0
github.com/Alieksieiev0/auth-service/api/proto/user_service.pb.go:170.34,172.4 1 0
github.com/Alieksieiev0/auth-service/api/proto/user_service.pb.go:173.3,173.12 1 0
github.com/Alieksieiev0/auth-service/api/proto/user_service.pb.go:175.2,175.24 1 0
github.com/Alieksieiev0/auth-service/api/proto/user_service.pb.go:179.50,181.2 1 0
github.com/Alieksieiev0/auth-service/api/proto/user_service.pb.go:183.44,184.14 1 0
github.com/Alieksieiev0/auth-service/api/proto/user_service.pb.go:184.14,186.3 1 0
github.com/Alieksieiev0/auth-service/api/proto/user_service.pb.go:187.2,187.11 1 0
github.com/Alieksieiev0/auth-service/api/proto/user_service.pb.go:190.44,191.14 1 0
github.com/Alieksieiev0/auth-service/api/proto/user_service.pb.go:191.14,193.3 1 0
github.com/Alieksieiev0/auth-service/api/proto/user_service.pb.go:194.2,194.11 1 0
github.com/Alieksieiev0/auth-service/api/proto/user_service.pb.go:197.41,198.14 1 0
github.com/Alieksieiev0/auth-service/api/proto/user_service.pb.go:198.14,200.3 1 0
github.com/Alieksieiev0/auth-service/api/proto/user_service.pb.go:201.2,201.11 1 0
github.com/Alieksieiev0/auth-service/api/proto/user_service.pb.go:210.32,212.29 2 0
github.com/Alieksieiev0/auth-service/api/proto/user_service.pb.go:212.29,216.3 3 0
github.com/Alieksieiev0/auth-service/api/proto/user_service.pb.go:219.40,221.2 1 0
github.com/Alieksieiev0/auth-service/api/proto/user_service.pb.go:223.38,223.39 0 0
github.com/Alieksieiev0/auth-service/api/proto/user_service.pb.go:225.60,227.41 2 0
github.com/Alieksieiev0/auth-service/api/proto/user_service.pb.go:227.41,229.34 2 0
github.com/Alieksieiev0/auth-service/api/proto/user_service.pb.go:229.34,231.4 1 0
github.com/Alieksieiev0/auth-service/api/proto/user_service.pb.go:232.3,232.12 1 0
github.com/Alieksieiev0/auth-service/api/proto/user_service.pb.go:234.2,234.24 1 0
github.com/Alieksieiev0/auth-service/api/proto/user_service.pb.go:238.51,240.2 1 0
github.com/Alieksieiev0/auth-service/api/proto/user_service.pb.go:281.61,282.58 1 0
github.com/Alieksieiev0/auth-service/api/proto/user_service.pb.go:282.58,284.3 1 0
github.com/Alieksieiev0/auth-service/api/proto/user_service.pb.go:285.2,285.54 1 0
github.com/Alieksieiev0/auth-service/api/proto/user_service.pb.go:307.13,307.57 1 1
github.com/Alieksieiev0/auth-service/api/proto/user_service.pb.go:308.47,309.46 1 1
github.com/Alieksieiev0/auth-service/api/proto/user_service.pb.go:309.46,311.3 1 0
github.com/Alieksieiev0/auth-service/api/proto/user_service.pb.go:312.2,312.30 1 1
github.com/Alieksieiev0/auth-service/api/proto/user_service.pb.go:312.30,313.99 1 0
github.com/Alieksieiev0/auth-service/api/proto/user_service.pb.go:313.99,314.40 1 0
github.com/Alieksieiev0/auth-service/api/proto/user_service.pb.go:315.11,316.20 1 0
github.com/Alieksieiev0/auth-service/api/proto/user_service.pb.go:317.11,318.24 1 0
github.com/Alieksieiev0/auth-service/api/proto/user_service.pb.go:319.11,320.28 1 0
github.com/Alieksieiev0/auth-service/api/proto/user_service.pb.go:321.12,322.15 1 0
github.com/Alieksieiev0/auth-service/api/proto/user_service.pb.go:325.3,325.99 1 0
github.com/Alieksieiev0/auth-service/api/proto/user_service.pb.go:325.99,326.37 1 0
github.com/Alieksieiev0/auth-service/api/proto/user_service.pb.go:327.11,328.20 1 0
github.com/Alieksieiev0/auth-service/api/proto/user_service.pb.go:329.11,330.24 1 0
github.com/Alieksieiev0/auth-service/api/proto/user_service.pb.go:331.11,332.28 1 0
github.com/Alieksieiev0/auth-service/api/proto/user_service.pb.go:333.12,334.15 1 0
github.com/Alieksieiev0/auth-service/api/proto/user_service.pb.go:337.3,337.99 1 0
github.com/Alieksieiev0/auth-service/api/proto/user_service.pb.go:337.99,338.36 1 0
github.com/Alieksieiev0/auth-service/api/proto/user_service.pb.go:339.11,340.20 1 0
github.com/Alieksieiev0/auth-service/api/proto/user_service.pb.go:341.11,342.24 1 0
github.com/Alieksieiev0/auth-service/api/proto/user_service.pb.go:343.11,344.28 1 0
github.com/Alieksieiev0/auth-service/api/proto/user_service.pb.go:345.12,346.15 1 0
github.com/Alieksieiev0/auth-service/api/proto/user_service.pb.go:349.3,349.99 1 0
github.com/Alieksieiev0/auth-service/api/proto/user_service.pb.go:349.99,350.37 1 0
github.com/Alieksieiev0/auth-service/api/proto/user_service.pb.go:351.11,352.20 1 0
github.com/Alieksieiev0/auth-service/api/proto/user_service.pb.go:353.11,354.24 1 0
github.com/Alieksieiev0/auth-service/api/proto/user_service.pb.go:355.11,356.28 1 0
github.com/Alieksieiev0/auth-service/api/proto/user_service.pb.go:357.12,358.15 1 0
github.com/Alieksieiev0/auth-service/api/proto/user_service.pb.go:362.2,379.49 6 1
github.com/Alieksieiev0/auth-service/api/proto/user_service_grpc.pb.go:33.74,35.2 1 0
github.com/Alieksieiev0/auth-service/api/proto/user_service_grpc.pb.go:37.133,40.16 3 0
github.com/Alieksieiev0/auth-service/api/proto/user_service_grpc.pb.go:40.16,42.3 1 0
github.com/Alieksieiev0/auth-service/api/proto/user_service_grpc.pb.go:43.2,43.17 1 0
github.com/Alieksieiev0/auth-service/api/proto/user_service_grpc.pb.go:46.120,49.16 3 0
github.com/Alieksieiev0/auth-service/api/proto/user_service_grpc.pb.go:49.16,51.3 1 0
github.com/Alieksieiev0/auth-service/api/proto/user_service_grpc.pb.go:52.2,52.17 1 0
github.com/Alieksieiev0/auth-service/api/proto/user_service_grpc.pb.go:68.111,70.2 1 0
github.com/Alieksieiev0/auth-service/api/proto/user_service_grpc.pb.go:71.98,73.2 1 0
github.com/Alieksieiev0/auth-service/api/proto/user_service_grpc.pb.go:74.82,74.83 0 0
github.com/Alieksieiev0/auth-service/api/proto/user_service_grpc.pb.go:83.80,85.2 1 0
github.com/Alieksieiev0/auth-service/api/proto/user_service_grpc.pb.go:87.170,89.32 2 0
github.com/Alieksieiev0/auth-service/api/proto/user_service_grpc.pb.go:89.32,91.3 1 0
github.com/Alieksieiev0/auth-service/api/proto/user_service_grpc.pb.go:92.2,92.24 1 0
github.com/Alieksieiev0/auth-service/api/proto/user_service_grpc.pb.go:92.24,94.3 1 0
github.com/Alieksieiev0/auth-service/api/proto/user_service_grpc.pb.go:95.2,99.77 2 0
github.com/Alieksieiev0/auth-service/api/proto/user_service_grpc.pb.go:99.77,101.3 1 0
github.com/Alieksieiev0/auth-service/api/proto/user_service_grpc.pb.go:102.2,102.44 1 0
github.com/Alieksieiev0/auth-service/api/proto/user_service_grpc.pb.go:105.161,107.32 2 0
github.com/Alieksieiev0/auth-service/api/proto/user_service_grpc.pb.go:107.32,109.3 1 0
github.com/Alieksieiev0/auth-service/api/proto/user_service_grpc.pb.go:110.2,110.24 1 0
github.com/Alieksieiev0/auth-service/api/proto/user_service_grpc.pb.go:110.24,112.3 1 0
github.com/Alieksieiev0/auth-service/api/proto/user_service_grpc.pb.go:113.2,117.77 2 0
github.com/Alieksieiev0/auth-service/api/proto/user_service_grpc.pb.go:117.77,119.3 1 0
github.com/Alieksieiev0/auth-service/api/proto/user_service_grpc.pb.go:120.2,120.44 1 0
github.com/Alieksieiev0/auth-service/internal/services/auth.go:26.92,31.2 1 1
github.com/Alieksieiev0/auth-service/internal/services/auth.go:33.78,43.2 4 1
github.com/Alieksieiev0/auth-service/internal/services/auth.go:45.95,51.16 3 1
github.com/Alieksieiev0/auth-service/internal/services/auth.go:51.16,53.3 1 0
github.com/Alieksieiev0/auth-service/internal/services/auth.go:55.2,56.16 2 1
github.com/Alieksieiev0/auth-service/internal/services/auth.go:56.16,58.3 1 0
github.com/Alieksieiev0/auth-service/internal/services/auth.go:60.2,66.16 3 1
github.com/Alieksieiev0/auth-service/internal/services/auth.go:66.16,68.3 1 0
github.com/Alieksieiev0/auth-service/internal/services/auth.go:70.2,77.23 2 1
github.com/Alieksieiev0/auth-service/internal/services/auth.go:83.30,86.16 3 1
github.com/Alieksieiev0/auth-service/internal/services/auth.go:86.16,88.3 1 0
github.com/Alieksieiev0/auth-service/internal/services/auth.go:90.2,91.9 2 1
github.com/Alieksieiev0/auth-service/internal/services/auth.go:91.9,93.3 1 0
github.com/Alieksieiev0/auth-service/internal/services/auth.go:95.2,95.24 1 1
github.com/Alieksieiev0/auth-service/internal/services/token.go:18.37,20.2 1 1
github.com/Alieksieiev0/auth-service/internal/services/token.go:24.92,41.16 3 1
github.com/Alieksieiev0/auth-service/internal/services/token.go:41.16,43.3 1 0
github.com/Alieksieiev0/auth-service/internal/services/token.go:44.2,44.25 1 1
github.com/Alieksieiev0/auth-service/internal/services/token.go:48.62,52.47 1 1
github.com/Alieksieiev0/auth-service/internal/services/token.go:52.47,54.11 2 1
github.com/Alieksieiev0/auth-service/internal/services/token.go:54.11,56.5 1 0
github.com/Alieksieiev0/auth-service/internal/services/token.go:57.4,57.30 1 1
github.com/Alieksieiev0/auth-service/internal/services/token.go:62.2,62.38 1 1
github.com/Alieksieiev0/auth-service/internal/services/token.go:62.38,64.3 1 0
github.com/Alieksieiev0/auth-service/internal/services/token.go:66.2,66.32 1 1
github.com/Alieksieiev0/auth-service/tests/data/data.go:9.25,15.2 1 1
github.com/Alieksieiev0/auth-service/tests/data/data.go:17.31,23.2 4 1
github.com/Alieksieiev0/auth-service/tests/data/data.go:25.37,32.2 1 1
github.com/Alieksieiev0/auth-service/tests/data/data.go:34.60,40.2 1 1
github.com/Alieksieiev0/auth-service/tests/data/data.go:42.71,47.16 2 1
github.com/Alieksieiev0/auth-service/tests/data/data.go:47.16,49.3 1 0
github.com/Alieksieiev0/auth-service/tests/data/data.go:51.2,57.23 2 1
github.com/Alieksieiev0/auth-service/tests/data/data.go:60.68,64.2 1 1
github.com/Alieksieiev0/auth-service/tests/data/data.go:66.27,70.2 1 1
github.com/Alieksieiev0/auth-service/tests/data/data.go:72.32,76.2 1 0
github.com/Alieksieiev0/auth-service/tests/data/data.go:78.35,83.2 1 1
github.com/Alieksieiev0/auth-service/tests/mocks/token_service.go:28.69,32.2 3 1
github.com/Alieksieiev0/auth-service/tests/mocks/token_service.go:35.67,37.2 1 1
github.com/Alieksieiev0/auth-service/tests/mocks/token_service.go:40.97,46.2 5 1
github.com/Alieksieiev0/auth-service/tests/mocks/token_service.go:49.93,52.2 2 1
github.com/Alieksieiev0/auth-service/tests/mocks/token_service.go:55.67,61.2 5 1
github.com/Alieksieiev0/auth-service/tests/mocks/token_service.go:64.78,67.2 2 1
github.com/Alieksieiev0/auth-service/tests/mocks/user_proto.go:28.79,32.2 3 1
github.com/Alieksieiev0/auth-service/tests/mocks/user_proto.go:35.77,37.2 1 1
github.com/Alieksieiev0/auth-service/tests/mocks/user_proto.go:40.149,43.25 3 1
github.com/Alieksieiev0/auth-service/tests/mocks/user_proto.go:43.25,45.3 1 0
github.com/Alieksieiev0/auth-service/tests/mocks/user_proto.go:46.2,49.19 4 1
github.com/Alieksieiev0/auth-service/tests/mocks/user_proto.go:53.115,57.2 3 1
github.com/Alieksieiev0/auth-service/tests/mocks/user_proto.go:60.136,63.25 3 1
github.com/Alieksieiev0/auth-service/tests/mocks/user_proto.go:63.25,65.3 1 0
github.com/Alieksieiev0/auth-service/tests/mocks/user_proto.go:66.2,69.19 4 1
github.com/Alieksieiev0/auth-service/tests/mocks/user_proto.go:73.106,77.2 3 1
github.com/Alieksieiev0/auth-service/tests/mocks/user_proto.go:91.79,95.2 3 0
github.com/Alieksieiev0/auth-service/tests/mocks/user_proto.go:98.77,100.2 1 0
github.com/Alieksieiev0/auth-service/tests/mocks/user_proto.go:103.127,109.2 5 0
github.com/Alieksieiev0/auth-service/tests/mocks/user_proto.go:112.97,115.2 2 0
github.com/Alieksieiev0/auth-service/tests/mocks/user_proto.go:118.114,124.2 5 0
github.com/Alieksieiev0/auth-service/tests/mocks/user_proto.go:127.88,130.2 2 0
github.com/Alieksieiev0/auth-service/tests/mocks/user_proto.go:133.75,136.2 2 0
github.com/Alieksieiev0/auth-service/tests/mocks/user_proto.go:139.101,142.2 2 0
github.com/Alieksieiev0/auth-service/tests/mocks/user_proto.go:156.91,160.2 3 0
github.com/Alieksieiev0/auth-service/tests/mocks/user_proto.go:163.89,165.2 1 0
github.com/Alieksieiev0/auth-service/tests/mocks/user_proto.go:168.81,171.2 2 0
github.com/Alieksieiev0/auth-service/tests/mocks/user_proto.go:174.107,177.2 2 0
github.com/Alieksieiev0/auth-service/tests/utils/utils.go:13.64,17.16 4 1
github.com/Alieksieiev0/auth-service/tests/utils/utils.go:17.16,19.3 1 0
github.com/Alieksieiev0/auth-service/tests/utils/utils.go:21.2,24.12 2 1
github.com/Alieksieiev0/auth-service/tests/utils/utils.go:27.49,30.2 2 1
github.com/Alieksieiev0/auth-service/tests/utils/utils.go:32.46,37.2 3 1
github.com/Alieksieiev0/auth-service/tests/utils/utils.go:39.44,43.2 3 1
github.com/Alieksieiev0/auth-service/api/proto/auth_service.pb.go:32.25,34.29 2 1
github.com/Alieksieiev0/auth-service/api/proto/auth_service.pb.go:34.29,38.3 3 1
github.com/Alieksieiev0/auth-service/api/proto/auth_service.pb.go:41.33,43.2 1 0
github.com/Alieksieiev0/auth-service/api/proto/auth_service.pb.go:45.31,45.32 0 0
github.com/Alieksieiev0/auth-service/api/proto/auth_service.pb.go:47.53,49.41 2 1
github.com/Alieksieiev0/auth-service/api/proto/auth_service.pb.go:49.41,51.34 2 1
github.com/Alieksieiev0/auth-service/api/proto/auth_service.pb.go:51.34,53.4 1 1
github.com/Alieksieiev0/auth-service/api/proto/auth_service.pb.go:54.3,54.12 1 1
github.com/Alieksieiev0/auth-service/api/proto/auth_service.pb.go:56.2,56.24 1 0
github.com/Alieksieiev0/auth-service/api/proto/auth_service.pb.go:60.44,62.2 1 0
github.com/Alieksieiev0/auth-service/api/proto/auth_service.pb.go:64.35,65.14 1 0
github.com/Alieksieiev0/auth-service/api/proto/auth_service.pb.go:65.14,67.3 1 0
github.com/Alieksieiev0/auth-service/api/proto/auth_service.pb.go:68.2,68.11 1 0
github.com/Alieksieiev0/auth-service/api/proto/auth_service.pb.go:89.30,91.29 2 1
github.com/Alieksieiev0/auth-service/api/proto/auth_service.pb.go:91.29,95.3 3 1
github.com/Alieksieiev0/auth-service/api/proto/auth_service.pb.go:98.38,100.2 1 0
github.com/Alieksieiev0/auth-service/api/proto/auth_service.pb.go:102.36,102.37 0 0
github.com/Alieksieiev0/auth-service/api/proto/auth_service.pb.go:104.58,106.41 2 1
github.com/Alieksieiev0/auth-service/api/proto/auth_service.pb.go:106.41,108.34 2 1
github.com/Alieksieiev0/auth-service/api/proto/auth_service.pb.go:108.34,110.4 1 1
github.com/Alieksieiev0/auth-service/api/proto/auth_service.pb.go:111.3,111.12 1 1
github.com/Alieksieiev0/auth-service/api/proto/auth_service.pb.go:113.2,113.24 1 0
github.com/Alieksieiev0/auth-service/api/proto/auth_service.pb.go:117.49,119.2 1 0
github.com/Alieksieiev0/auth-service/api/proto/auth_service.pb.go:121.41,122.14 1 0
github.com/Alieksieiev0/auth-service/api/proto/auth_service.pb.go:122.14,124.3 1 0
github.com/Alieksieiev0/auth-service/api/proto/auth_service.pb.go:125.2,125.11 1 0
github.com/Alieksieiev0/auth-service/api/proto/auth_service.pb.go:128.43,129.14 1 0
github.com/Alieksieiev0/auth-service/api/proto/auth_service.pb.go:129.14,131.3 1 0
github.com/Alieksieiev0/auth-service/api/proto/auth_service.pb.go:132.2,132.11 1 0
github.com/Alieksieiev0/auth-service/api/proto/auth_service.pb.go:135.40,136.14 1 0
github.com/Alieksieiev0/auth-service/api/proto/auth_service.pb.go:136.14,138.3 1 0
github.com/Alieksieiev0/auth-service/api/proto/auth_service.pb.go:139.2,139.11 1 0
github.com/Alieksieiev0/auth-service/api/proto/auth_service.pb.go:142.44,143.14 1 0
github.com/Alieksieiev0/auth-service/api/proto/auth_service.pb.go:143.14,145.3 1 0
github.com/Alieksieiev0/auth-service/api/proto/auth_service.pb.go:146.2,146.11 1 0
github.com/Alieksieiev0/auth-service/api/proto/auth_service.pb.go:149.41,150.14 1 0
github.com/Alieksieiev0/auth-service/api/proto/auth_service.pb.go:150.14,152.3 1 0
github.com/Alieksieiev0/auth-service/api/proto/auth_service.pb.go:153.2,153.11 1 0
github.com/Alieksieiev0/auth-service/api/proto/auth_service.pb.go:156.42,157.14 1 0
github.com/Alieksieiev0/auth-service/api/proto/auth_service.pb.go:157.14,159.3 1 0
github.com/Alieksieiev0/auth-service/api/proto/auth_service.pb.go:160.2,160.11 1 0
github.com/Alieksieiev0/auth-service/api/proto/auth_service.pb.go:163.45,164.14 1 0
github.com/Alieksieiev0/auth-service/api/proto/auth_service.pb.go:164.14,166.3 1 0
github.com/Alieksieiev0/auth-service/api/proto/auth_service.pb.go:167.2,167.12 1 0
github.com/Alieksieiev0/auth-service/api/proto/auth_service.pb.go:170.60,171.14 1 0
github.com/Alieksieiev0/auth-service/api/proto/auth_service.pb.go:171.14,173.3 1 0
github.com/Alieksieiev0/auth-service/api/proto/auth_service.pb.go:174.2,174.12 1 0
github.com/Alieksieiev0/auth-service/api/proto/auth_service.pb.go:177.60,178.14 1 0
github.com/Alieksieiev0/auth-service/api/proto/auth_service.pb.go:178.14,180.3 1 0
github.com/Alieksieiev0/auth-service/api/proto/auth_service.pb.go:181.2,181.12 1 0
github.com/Alieksieiev0/auth-service/api/proto/auth_service.pb.go:184.59,185.14 1 0
github.com/Alieksieiev0/auth-service/api/proto/auth_service.pb.go:185.14,187.3 1 0
github.com/Alieksieiev0/auth-service/api/proto/auth_service.pb.go:188.2,188.12 1 0
github.com/Alieksieiev0/auth-service/api/proto/auth_service.pb.go:191.37,192.14 1 0
github.com/Alieksieiev0/auth-service/api/proto/auth_service.pb.go:192.14,194.3 1 0
github.com/Alieksieiev0/auth-service/api/proto/auth_service.pb.go:195.2,195.11 1 0
github.com/Alieksieiev0/auth-service/api/proto/auth_service.pb.go:245.61,246.58 1 0
github.com/Alieksieiev0/auth-service/api/proto/auth_service.pb.go:246.58,248.3 1 0
github.com/Alieksieiev0/auth-service/api/proto/auth_service.pb.go:249.2,249.54 1 0
github.com/Alieksieiev0/auth-service/api/proto/auth_service.pb.go:271.13,271.57 1 1
github.com/Alieksieiev0/auth-service/api/proto/auth_service.pb.go:272.47,273.46 1 1
github.com/Alieksieiev0/auth-service/api/proto/auth_service.pb.go:273.46,275.3 1 0
github.com/Alieksieiev0/auth-service/api/proto/auth_service.pb.go:276.2,276.30 1 1
github.com/Alieksieiev0/auth-service/api/proto/auth_service.pb.go:276.30,277.99 1 0
github.com/Alieksieiev0/auth-service/api/proto/auth_service.pb.go:277.99,278.30 1 0
github.com/Alieksieiev0/auth-service/api/proto/auth_service.pb.go:279.11,280.20 1 0
github.com/Alieksieiev0/auth-service/api/proto/auth_service.pb.go:281.11,282.24 1 0
github.com/Alieksieiev0/auth-service/api/proto/auth_service.pb.go:283.11,284.28 1 0
github.com/Alieksieiev0/auth-service/api/proto/auth_service.pb.go:285.12,286.15 1 0
github.com/Alieksieiev0/auth-service/api/proto/auth_service.pb.go:289.3,289.99 1 0
github.com/Alieksieiev0/auth-service/api/proto/auth_service.pb.go:289.99,290.35 1 0
github.com/Alieksieiev0/auth-service/api/proto/auth_service.pb.go:291.11,292.20 1 0
github.com/Alieksieiev0/auth-service/api/proto/auth_service.pb.go:293.11,294.24 1 0
github.com/Alieksieiev0/auth-service/api/proto/auth_service.pb.go:295.11,296.28 1 0
github.com/Alieksieiev0/auth-service/api/proto/auth_service.pb.go:297.12,298.15 1 0
github.com/Alieksieiev0/auth-service/api/proto/auth_service.pb.go:302.2,319.49 6 1
github.com/Alieksieiev0/auth-service/api/proto/auth_service_grpc.pb.go:32.74,34.2 1 1
github.com/Alieksieiev0/auth-service/api/proto/auth_service_grpc.pb.go:36.118,39.16 3 1
github.com/Alieksieiev0/auth-service/api/proto/auth_service_grpc.pb.go:39.16,41.3 1 0
github.com/Alieksieiev0/auth-service/api/proto/auth_service_grpc.pb.go:42.2,42.17 1 1
github.com/Alieksieiev0/auth-service/api/proto/auth_service_grpc.pb.go:57.96,59.2 1 0
github.com/Alieksieiev0/auth-service/api/proto/auth_service_grpc.pb.go:60.82,60.83 0 0
github.com/Alieksieiev0/auth-service/api/proto/auth_service_grpc.pb.go:69.80,71.2 1 1
github.com/Alieksieiev0/auth-service/api/proto/auth_service_grpc.pb.go:73.167,75.32 2 1
github.com/Alieksieiev0/auth-service/api/proto/auth_service_grpc.pb.go:75.32,77.3 1 0
github.com/Alieksieiev0/auth-service/api/proto/auth_service_grpc.pb.go:78.2,78.24 1 1
github.com/Alieksieiev0/auth-service/api/proto/auth_service_grpc.pb.go:78.24,80.3 1 1
github.com/Alieksieiev0/auth-service/api/proto/auth_service_grpc.pb.go:81.2,85.77 2 0
github.com/Alieksieiev0/auth-service/api/proto/auth_service_grpc.pb.go:85.77,87.3 1 0
github.com/Alieksieiev0/auth-service/api/proto/auth_service_grpc.pb.go:88.2,88.44 1 0
github.com/Alieksieiev0/auth-service/api/proto/user_service.pb.go:31.35,33.29 2 0
github.com/Alieksieiev0/auth-service/api/proto/user_service.pb.go:33.29,37.3 3 0
github.com/Alieksieiev0/auth-service/api/proto/user_service.pb.go:40.43,42.2 1 0
github.com/Alieksieiev0/auth-service/api/proto/user_service.pb.go:44.41,44.42 0 0
github.com/Alieksieiev0/auth-service/api/proto/user_service.pb.go:46.63,48.41 2 0
github.com/Alieksieiev0/auth-service/api/proto/user_service.pb.go:48.41,50.34 2 0
github.com/Alieksieiev0/auth-service/api/proto/user_service.pb.go:50.34,52.4 1 0
github.com/Alieksieiev0/auth-service/api/proto/user_service.pb.go:53.3,53.12 1 0
github.com/Alieksieiev0/auth-service/api/proto/user_service.pb.go:55.2,55.24 1 0
github.com/Alieksieiev0/auth-service/api/proto/user_service.pb.go:59.54,61.2 1 0
github.com/Alieksieiev0/auth-service/api/proto/user_service.pb.go:63.48,64.14 1 0
github.com/Alieksieiev0/auth-service/api/proto/user_service.pb.go:64.14,66.3 1 0
github.com/Alieksieiev0/auth-service/api/proto/user_service.pb.go:67.2,67.11 1 0
github.com/Alieksieiev0/auth-service/api/proto/user_service.pb.go:81.32,83.29 2 0
github.com/Alieksieiev0/auth-service/api/proto/user_service.pb.go:83.29,87.3 3 0
github.com/Alieksieiev0/auth-service/api/proto/user_service.pb.go:90.40,92.2 1 0
github.com/Alieksieiev0/auth-service/api/proto/user_service.pb.go:94.38,94.39 0 0
github.com/Alieksieiev0/auth-service/api/proto/user_service.pb.go:96.60,98.41 2 0
github.com/Alieksieiev0/auth-service/api/proto/user_service.pb.go:98.41,100.34 2 0
github.com/Alieksieiev0/auth-service/api/proto/user_service.pb.go:100.34,102.4 1 0
github.com/Alieksieiev0/auth-service/api/proto/user_service.pb.go:103.3,103.12 1 0
github.com/Alieksieiev0/auth-service/api/proto/user_service.pb.go:105.2,105.24 1 0
github.com/Alieksieiev0/auth-service/api/proto/user_service.pb.go:109.51,111.2 1 0
github.com/Alieksieiev0/auth-service/api/proto/user_service.pb.go:113.39,114.14 1 0
github.com/Alieksieiev0/auth-service/api/proto/user_service.pb.go:114.14,116.3 1 0
github.com/Alieksieiev0/auth-service/api/proto/user_service.pb.go:117.2,117.11 1 0
github.com/Alieksieiev0/auth-service/api/proto/user_service.pb.go:120.45,121.14 1 0
github.com/Alieksieiev0/auth-service/api/proto/user_service.pb.go:121.14,123.3 1 0
github.com/Alieksieiev0/auth-service/api/proto/user_service.pb.go:124.2,124.11 1 0
github.com/Alieksieiev0/auth-service/api/proto/user_service.pb.go:127.45,128.14 1 0
github.com/Alieksieiev0/auth-service/api/proto/user_service.pb.go:128.14,130.3 1 0
github.com/Alieksieiev0/auth-service/api/proto/user_service.pb.go:131.2,131.11 1 0
github.com/Alieksieiev0/auth-service/api/proto/user_service.pb.go:134.42,135.14 1 0
github.com/Alieksieiev0/auth-service/api/proto/user_service.pb.go:135.14,137.3 1 0
github.com/Alieksieiev0/auth-service/api/proto/user_service.pb.go:138.2,138.11 1 0
github.com/Alieksieiev0/auth-service/api/proto/user_service.pb.go:151.31,153.29 2 0
github.com/Alieksieiev0/auth-service/api/proto/user_service.pb.go:153.29,157.3 3 0
github.com/Alieksieiev0/auth-service/api/proto/user_service.pb.go:160.39,162.2 1 0
github.com/Alieksieiev0/auth-service/api/proto/user_service.pb.go:164.37,164.38 0 0
github.com/Alieksieiev0/auth-service/api/proto/user_service.pb.go:166.59,168.41 2 0
github.com/Alieksieiev0/auth-service/api/proto/user_service.pb.go:168.41,170.34 2 0
github.com/Alieksieiev0/auth-service/api/proto/user_service.pb.go:170.34,172.4 1 0
github.com/Alieksieiev0/auth-service/api/proto/user_service.pb.go:173.3,173.12 1 0
github.com/Alieksieiev0/auth-service/api/proto/user_service.pb.go:175.2,175.24 1 0
github.com/Alieksieiev0/auth-service/api/proto/user_service.pb.go:179.50,181.2 1 0
github.com/Alieksieiev0/auth-service/api/proto/user_service.pb.go:183.44,184.14 1 0
github.com/Alieksieiev0/auth-service/api/proto/user_service.pb.go:184.14,186.3 1 0
github.com/Alieksieiev0/auth-service/api/proto/user_service.pb.go:187.2,187.11 1 0
github.com/Alieksieiev0/auth-service/api/proto/user_service.pb.go:190.44,191.14 1 0
github.com/Alieksieiev0/auth-service/api/proto/user_service.pb.go:191.14,193.3 1 0
github.com/Alieksieiev0/auth-service/api/proto/user_service.pb.go:194.2,194.11 1 0
github.com/Alieksieiev0/auth-service/api/proto/user_service.pb.go:197.41,198.14 1 0
github.com/Alieksieiev0/auth-service/api/proto/user_service.pb.go:198.14,200.3 1 0
github.com/Alieksieiev0/auth-service/api/proto/user_service.pb.go:201.2,201.11 1 0
github.com/Alieksieiev0/auth-service/api/proto/user_service.pb.go:210.32,212.29 2 0
github.com/Alieksieiev0/auth-service/api/proto/user_service.pb.go:212.29,216.3 3 0
github.com/Alieksieiev0/auth-service/api/proto/user_service.pb.go:219.40,221.2 1 0
github.com/Alieksieiev0/auth-service/api/proto/user_service.pb.go:223.38,223.39 0 0
github.com/Alieksieiev0/auth-service/api/proto/user_service.pb.go:225.60,227.41 2 0
github.com/Alieksieiev0/auth-service/api/proto/user_service.pb.go:227.41,229.34 2 0
github.com/Alieksieiev0/auth-service/api/proto/user_service.pb.go:229.34,231.4 1 0
github.com/Alieksieiev0/auth-service/api/proto/user_service.pb.go:232.3,232.12 1 0
github.com/Alieksieiev0/auth-service/api/proto/user_service.pb.go:234.2,234.24 1 0
github.com/Alieksieiev0/auth-service/api/proto/user_service.pb.go:238.51,240.2 1 0
github.com/Alieksieiev0/auth-service/api/proto/user_service.pb.go:281.61,282.58 1 0
github.com/Alieksieiev0/auth-service/api/proto/user_service.pb.go:282.58,284.3 1 0
github.com/Alieksieiev0/auth-service/api/proto/user_service.pb.go:285.2,285.54 1 0
github.com/Alieksieiev0/auth-service/api/proto/user_service.pb.go:307.13,307.57 1 1
github.com/Alieksieiev0/auth-service/api/proto/user_service.pb.go:308.47,309.46 1 1
github.com/Alieksieiev0/auth-service/api/proto/user_service.pb.go:309.46,311.3 1 0
github.com/Alieksieiev0/auth-service/api/proto/user_service.pb.go:312.2,312.30 1 1
github.com/Alieksieiev0/auth-service/api/proto/user_service.pb.go:312.30,313.99 1 0
github.com/Alieksieiev0/auth-service/api/proto/user_service.pb.go:313.99,314.40 1 0
github.com/Alieksieiev0/auth-service/api/proto/user_service.pb.go:315.11,316.20 1 0
github.com/Alieksieiev0/auth-service/api/proto/user_service.pb.go:317.11,318.24 1 0
github.com/Alieksieiev0/auth-service/api/proto/user_service.pb.go:319.11,320.28 1 0
github.com/Alieksieiev0/auth-service/api/proto/user_service.pb.go:321.12,322.15 1 0
github.com/Alieksieiev0/auth-service/api/proto/user_service.pb.go:325.3,325.99 1 0
github.com/Alieksieiev0/auth-service/api/proto/user_service.pb.go:325.99,326.37 1 0
github.com/Alieksieiev0/auth-service/api/proto/user_service.pb.go:327.11,328.20 1 0
github.com/Alieksieiev0/auth-service/api/proto/user_service.pb.go:329.11,330.24 1 0
github.com/Alieksieiev0/auth-service/api/proto/user_service.pb.go:331.11,332.28 1 0
github.com/Alieksieiev0/auth-service/api/proto/user_service.pb.go:333.12,334.15 1 0
github.com/Alieksieiev0/auth-service/api/proto/user_service.pb.go:337.3,337.99 1 0
github.com/Alieksieiev0/auth-service/api/proto/user_service.pb.go:337.99,338.36 1 0
github.com/Alieksieiev0/auth-service/api/proto/user_service.pb.go:339.11,340.20 1 0
github.com/Alieksieiev0/auth-service/api/proto/user_service.pb.go:341.11,342.24 1 0
github.com/Alieksieiev0/auth-service/api/proto/user_service.pb.go:343.11,344.28 1 0
github.com/Alieksieiev0/auth-service/api/proto/user_service.pb.go:345.12,346.15 1 0
github.com/Alieksieiev0/auth-service/api/proto/user_service.pb.go:349.3,349.99 1 0
github.com/Alieksieiev0/auth-service/api/proto/user_service.pb.go:349.99,350.37 1 0
github.com/Alieksieiev0/auth-service/api/proto/user_service.pb.go:351.11,352.20 1 0
github.com/Alieksieiev0/auth-service/api/proto/user_service.pb.go:353.11,354.24 1 0
github.com/Alieksieiev0/auth-service/api/proto/user_service.pb.go:355.11,356.28 1 0
github.com/Alieksieiev0/auth-service/api/proto/user_service.pb.go:357.12,358.15 1 0
github.com/Alieksieiev0/auth-service/api/proto/user_service.pb.go:362.2,379.49 6 1
github.com/Alieksieiev0/auth-service/api/proto/user_service_grpc.pb.go:33.74,35.2 1 0
github.com/Alieksieiev0/auth-service/api/proto/user_service_grpc.pb.go:37.133,40.16 3 0
github.com/Alieksieiev0/auth-service/api/proto/user_service_grpc.pb.go:40.16,42.3 1 0
github.com/Alieksieiev0/auth-service/api/proto/user_service_grpc.pb.go:43.2,43.17 1 0
github.com/Alieksieiev0/auth-service/api/proto/user_service_grpc.pb.go:46.120,49.16 3 0
github.com/Alieksieiev0/auth-service/api/proto/user_service_grpc.pb.go:49.16,51.3 1 0
github.com/Alieksieiev0/auth-service/api/proto/user_service_grpc.pb.go:52.2,52.17 1 0
github.com/Alieksieiev0/auth-service/api/proto/user_service_grpc.pb.go:68.111,70.2 1 0
github.com/Alieksieiev0/auth-service/api/proto/user_service_grpc.pb.go:71.98,73.2 1 0
github.com/Alieksieiev0/auth-service/api/proto/user_service_grpc.pb.go:74.82,74.83 0 0
github.com/Alieksieiev0/auth-service/api/proto/user_service_grpc.pb.go:83.80,85.2 1 0
github.com/Alieksieiev0/auth-service/api/proto/user_service_grpc.pb.go:87.170,89.32 2 0
github.com/Alieksieiev0/auth-service/api/proto/user_service_grpc.pb.go:89.32,91.3 1 0
github.com/Alieksieiev0/auth-service/api/proto/user_service_grpc.pb.go:92.2,92.24 1 0
github.com/Alieksieiev0/auth-service/api/proto/user_service_grpc.pb.go:92.24,94.3 1 0
github.com/Alieksieiev0/auth-service/api/proto/user_service_grpc.pb.go:95.2,99.77 2 0
github.com/Alieksieiev0/auth-service/api/proto/user_service_grpc.pb.go:99.77,101.3 1 0
github.com/Alieksieiev0/auth-service/api/proto/user_service_grpc.pb.go:102.2,102.44 1 0
github.com/Alieksieiev0/auth-service/api/proto/user_service_grpc.pb.go:105.161,107.32 2 0
github.com/Alieksieiev0/auth-service/api/proto/user_service_grpc.pb.go:107.32,109.3 1 0
github.com/Alieksieiev0/auth-service/api/proto/user_service_grpc.pb.go:110.2,110.24 1 0
github.com/Alieksieiev0/auth-service/api/proto/user_service_grpc.pb.go:110.24,112.3 1 0
github.com/Alieksieiev0/auth-service/api/proto/user_service_grpc.pb.go:113.2,117.77 2 0
github.com/Alieksieiev0/auth-service/api/proto/user_service_grpc.pb.go:117.77,119.3 1 0
github.com/Alieksieiev0/auth-service/api/proto/user_service_grpc.pb.go:120.2,120.44 1 0
github.com/Alieksieiev0/auth-service/internal/services/auth.go:26.92,31.2 1 1
github.com/Alieksieiev0/auth-service/internal/services/auth.go:33.78,43.2 4 1
github.com/Alieksieiev0/auth-service/internal/services/auth.go:45.95,51.16 3 1
github.com/Alieksieiev0/auth-service/internal/services/auth.go:51.16,53.3 1 0
github.com/Alieksieiev0/auth-service/internal/services/auth.go:55.2,56.16 2 1
github.com/Alieksieiev0/auth-service/internal/services/auth.go:56.16,58.3 1 0
github.com/Alieksieiev0/auth-service/internal/services/auth.go:60.2,66.16 3 1
github.com/Alieksieiev0/auth-service/internal/services/auth.go:66.16,68.3 1 0
github.com/Alieksieiev0/auth-service/internal/services/auth.go:70.2,77.23 2 1
github.com/Alieksieiev0/auth-service/internal/services/auth.go:83.30,86.16 3 1
github.com/Alieksieiev0/auth-service/internal/services/auth.go:86.16,88.3 1 0
github.com/Alieksieiev0/auth-service/internal/services/auth.go:90.2,91.9 2 1
github.com/Alieksieiev0/auth-service/internal/services/auth.go:91.9,93.3 1 0
github.com/Alieksieiev0/auth-service/internal/services/auth.go:95.2,95.24 1 1
github.com/Alieksieiev0/auth-service/internal/services/token.go:18.37,20.2 1 0
github.com/Alieksieiev0/auth-service/internal/services/token.go:24.92,41.16 3 0
github.com/Alieksieiev0/auth-service/internal/services/token.go:41.16,43.3 1 0
github.com/Alieksieiev0/auth-service/internal/services/token.go:44.2,44.25 1 0
github.com/Alieksieiev0/auth-service/internal/services/token.go:48.62,52.47 1 0
github.com/Alieksieiev0/auth-service/internal/services/token.go:52.47,54.11 2 0
github.com/Alieksieiev0/auth-service/internal/services/token.go:54.11,56.5 1 0
github.com/Alieksieiev0/auth-service/internal/services/token.go:57.4,57.30 1 0
github.com/Alieksieiev0/auth-service/internal/services/token.go:62.2,62.38 1 0
github.com/Alieksieiev0/auth-service/internal/services/token.go:62.38,64.3 1 0
github.com/Alieksieiev0/auth-service/internal/services/token.go:66.2,66.32 1 0
github.com/Alieksieiev0/auth-service/internal/transport/grpc/client.go:9.59,11.2 1 1
github.com/Alieksieiev0/auth-service/internal/transport/grpc/client.go:13.77,15.16 2 0
github.com/Alieksieiev0/auth-service/internal/transport/grpc/client.go:15.16,17.3 1 0
github.com/Alieksieiev0/auth-service/internal/transport/grpc/client.go:19.2,19.46 1 0
github.com/Alieksieiev0/auth-service/internal/transport/grpc/server.go:20.41,24.2 1 1
github.com/Alieksieiev0/auth-service/internal/transport/grpc/server.go:26.64,29.16 3 1
github.com/Alieksieiev0/auth-service/internal/transport/grpc/server.go:29.16,31.3 1 0
github.com/Alieksieiev0/auth-service/internal/transport/grpc/server.go:33.2,33.27 1 1
github.com/Alieksieiev0/auth-service/internal/transport/grpc/server.go:36.35,37.21 1 1
github.com/Alieksieiev0/auth-service/internal/transport/grpc/server.go:37.21,39.3 1 0
github.com/Alieksieiev0/auth-service/internal/transport/grpc/server.go:41.2,42.12 2 1
github.com/Alieksieiev0/auth-service/internal/transport/grpc/server.go:45.69,49.2 3 1
github.com/Alieksieiev0/auth-service/internal/transport/grpc/server.go:56.84,60.2 1 1
github.com/Alieksieiev0/auth-service/internal/transport/grpc/server.go:65.30,70.16 3 1
github.com/Alieksieiev0/auth-service/internal/transport/grpc/server.go:70.16,72.3 1 0
github.com/Alieksieiev0/auth-service/internal/transport/grpc/server.go:74.2,85.33 2 1
github.com/Alieksieiev0/auth-service/internal/transport/grpc/server.go:85.33,87.3 1 0
github.com/Alieksieiev0/auth-service/internal/transport/grpc/server.go:89.2,89.33 1 1
github.com/Alieksieiev0/auth-service/internal/transport/grpc/server.go:89.33,91.3 1 0
github.com/Alieksieiev0/auth-service/internal/transport/grpc/server.go:93.2,93.32 1 1
github.com/Alieksieiev0/auth-service/internal/transport/grpc/server.go:93.32,95.3 1 0
github.com/Alieksieiev0/auth-service/internal/transport/grpc/server.go:97.2,97.20 1 1
github.com/Alieksieiev0/auth-service/internal/transport/rest/handler.go:13.56,14.34 1 1
github.com/Alieksieiev0/auth-service/internal/transport/rest/handler.go:14.34,16.44 2 1
github.com/Alieksieiev0/auth-service/internal/transport/rest/handler.go:16.44,18.4 1 0
github.com/Alieksieiev0/auth-service/internal/transport/rest/handler.go:20.3,20.49 1 1
github.com/Alieksieiev0/auth-service/internal/transport/rest/handler.go:20.49,23.4 1 0
github.com/Alieksieiev0/auth-service/internal/transport/rest/handler.go:25.3,26.17 2 1
github.com/Alieksieiev0/auth-service/internal/transport/rest/handler.go:26.17,28.4 1 0
github.com/Alieksieiev0/auth-service/internal/transport/rest/handler.go:30.3,30.49 1 1
github.com/Alieksieiev0/auth-service/internal/transport/rest/handler.go:34.59,35.34 1 1
github.com/Alieksieiev0/auth-service/internal/transport/rest/handler.go:35.34,38.44 3 1
github.com/Alieksieiev0/auth-service/internal/transport/rest/handler.go:38.44,40.4 1 0
github.com/Alieksieiev0/auth-service/internal/transport/rest/handler.go:41.3,41.69 1 1
github.com/Alieksieiev0/auth-service/internal/transport/rest/handler.go:41.69,44.4 1 0
github.com/Alieksieiev0/auth-service/internal/transport/rest/handler.go:46.3,50.17 2 1
github.com/Alieksieiev0/auth-service/internal/transport/rest/handler.go:50.17,53.4 1 0
github.com/Alieksieiev0/auth-service/internal/transport/rest/handler.go:55.3,56.61 2 1
github.com/Alieksieiev0/auth-service/internal/transport/rest/handler.go:56.61,58.4 1 0
github.com/Alieksieiev0/auth-service/internal/transport/rest/handler.go:60.3,61.13 2 1
github.com/Alieksieiev0/auth-service/internal/transport/rest/server.go:15.57,20.2 1 1
github.com/Alieksieiev0/auth-service/internal/transport/rest/server.go:22.65,32.2 5 1
github.com/Alieksieiev0/auth-service/tests/data/data.go:9.25,15.2 1 1
github.com/Alieksieiev0/auth-service/tests/data/data.go:17.31,23.2 4 1
github.com/Alieksieiev0/auth-service/tests/data/data.go:25.37,32.2 1 1
github.com/Alieksieiev0/auth-service/tests/data/data.go:34.60,40.2 1 1
github.com/Alieksieiev0/auth-service/tests/data/data.go:42.71,47.16 2 1
github.com/Alieksieiev0/auth-service/tests/data/data.go:47.16,49.3 1 0
github.com/Alieksieiev0/auth-service/tests/data/data.go:51.2,57.23 2 1
github.com/Alieksieiev0/auth-service/tests/data/data.go:60.68,64.2 1 1
github.com/Alieksieiev0/auth-service/tests/data/data.go:66.27,70.2 1 1
github.com/Alieksieiev0/auth-service/tests/data/data.go:72.32,76.2 1 1
github.com/Alieksieiev0/auth-service/tests/data/data.go:78.35,83.2 1 0
github.com/Alieksieiev0/auth-service/tests/mocks/token_service.go:28.69,32.2 3 1
github.com/Alieksieiev0/auth-service/tests/mocks/token_service.go:35.67,37.2 1 1
github.com/Alieksieiev0/auth-service/tests/mocks/token_service.go:40.97,46.2 5 1
github.com/Alieksieiev0/auth-service/tests/mocks/token_service.go:49.93,52.2 2 1
github.com/Alieksieiev0/auth-service/tests/mocks/token_service.go:55.67,61.2 5 1
github.com/Alieksieiev0/auth-service/tests/mocks/token_service.go:64.78,67.2 2 1
github.com/Alieksieiev0/auth-service/tests/mocks/user_proto.go:28.79,32.2 3 1
github.com/Alieksieiev0/auth-service/tests/mocks/user_proto.go:35.77,37.2 1 1
github.com/Alieksieiev0/auth-service/tests/mocks/user_proto.go:40.149,43.25 3 1
github.com/Alieksieiev0/auth-service/tests/mocks/user_proto.go:43.25,45.3 1 0
github.com/Alieksieiev0/auth-service/tests/mocks/user_proto.go:46.2,49.19 4 1
github.com/Alieksieiev0/auth-service/tests/mocks/user_proto.go:53.115,57.2 3 1
github.com/Alieksieiev0/auth-service/tests/mocks/user_proto.go:60.136,63.25 3 1
github.com/Alieksieiev0/auth-service/tests/mocks/user_proto.go:63.25,65.3 1 0
github.com/Alieksieiev0/auth-service/tests/mocks/user_proto.go:66.2,69.19 4 1
github.com/Alieksieiev0/auth-service/tests/mocks/user_proto.go:73.106,77.2 3 1
github.com/Alieksieiev0/auth-service/tests/mocks/user_proto.go:91.79,95.2 3 0
github.com/Alieksieiev0/auth-service/tests/mocks/user_proto.go:98.77,100.2 1 0
github.com/Alieksieiev0/auth-service/tests/mocks/user_proto.go:103.127,109.2 5 0
github.com/Alieksieiev0/auth-service/tests/mocks/user_proto.go:112.97,115.2 2 0
github.com/Alieksieiev0/auth-service/tests/mocks/user_proto.go:118.114,124.2 5 0
github.com/Alieksieiev0/auth-service/tests/mocks/user_proto.go:127.88,130.2 2 0
github.com/Alieksieiev0/auth-service/tests/mocks/user_proto.go:133.75,136.2 2 0
github.com/Alieksieiev0/auth-service/tests/mocks/user_proto.go:139.101,142.2 2 0
github.com/Alieksieiev0/auth-service/tests/mocks/user_proto.go:156.91,160.2 3 0
github.com/Alieksieiev0/auth-service/tests/mocks/user_proto.go:163.89,165.2 1 0
github.com/Alieksieiev0/auth-service/tests/mocks/user_proto.go:168.81,171.2 2 0
github.com/Alieksieiev0/auth-service/tests/mocks/user_proto.go:174.107,177.2 2 0
github.com/Alieksieiev0/auth-service/tests/utils/utils.go:13.64,17.16 4 1
github.com/Alieksieiev0/auth-service/tests/utils/utils.go:17.16,19.3 1 0
github.com/Alieksieiev0/auth-service/tests/utils/utils.go:21.2,24.12 2 1
github.com/Alieksieiev0/auth-service/tests/utils/utils.go:27.49,30.2 2 0
github.com/Alieksieiev0/auth-service/tests/utils/utils.go:32.46,37.2 3 1
github.com/Alieksieiev0/auth-service/tests/utils/utils.go:39.44,43.2 3 1
